





                                 ..........................                                      
 ooooooooooooooooooooooooooooo        CURRENT SETTINGS        ooooooooooooooooooooooooooooooooooo
                                 ..........................                                      

                . Sequence filename:				 run5.phy
                . Data type:					 dna
                . Alphabet size:				 4
                . Sequence format:				 sequential
                . Number of data sets:				 1
                . Nb of bootstrapped data sets:			 1000
                . Compute approximate likelihood ratio test:	 no
                . Model name:					 GTR
                . Proportion of invariable sites:		 0.000000
                . Number of subst. rate categs:			 4
                . Gamma distribution parameter:			 0.570000
                . 'Middle' of each rate class:			 mean
                . Nucleotide equilibrium frequencies:		 empirical
                . Optimise tree topology:			 yes
                . Tree topology search:				 NNIs
                . Starting tree:				 BioNJ
                . Add random input tree:			 no
                . Optimise branch lengths:			 yes
                . Optimise substitution model parameters:	 yes
                . Run ID:					 none
                . Random seed:					 1467830654
                . Subtree patterns aliasing:			 no
                . Version:					 20120412

 oooooooooooooooooooooooooooooooooooooooooooooooooooooooooooooooooooooooooooooooooooooooooooooooo



. 949 patterns found (out of a total of 2950 sites). 

. 622 sites without polymorphism (21.08%).

. Computing pairwise distances...

. Building BioNJ tree...

. This analysis requires at least 35 Mo of memory space.

. Refining the input tree...

. Maximizing likelihood (using NNI moves)...

. (   42 sec) [    -31966.2052] [GTR parameters     ]
. (   43 sec) [    -31966.2052] [Topology           ][# nnis=  2]
. (   50 sec) [    -31913.5396] [Topology           ][# nnis=  1]
. (   57 sec) [    -31903.4452] [Topology           ][# nnis=  1]
. (   65 sec) [    -31898.7954] [Topology           ][# nnis=  1]
. (   72 sec) [    -31896.1550] [Topology           ][# nnis=  1]
. (   79 sec) [    -31894.7914] [Topology           ][# nnis=  1]
. (   86 sec) [    -31893.7789] [Topology           ][# nnis=  1]
. (   93 sec) [    -31893.5039] [Topology           ][# nnis=  1]
. (   99 sec) [    -31892.9734] [Topology           ][# nnis=  1]

. Moving backward

. (  106 sec) [    -31892.6698] [Topology           ][# nnis=  0]
. (  115 sec) [    -31892.3181] [GTR parameters     ]
. (  115 sec) [    -31892.3181] [Topology           ][# nnis=  0]
. (  122 sec) [    -31892.2086] [Topology           ][# nnis=  0]
. (  129 sec) [    -31892.1537] [Topology           ]
. (  129 sec) [    -31892.1537] [Branch lengths     ]
. (  134 sec) [    -31892.1064] [GTR parameters     ]
. (  134 sec) [    -31892.1064] [Branch lengths     ]
. (  139 sec) [    -31892.0915] [GTR parameters     ]
. (  139 sec) [    -31892.0915] [Branch lengths     ]
. (  143 sec) [    -31892.0865] [GTR parameters     ]
. (  144 sec) [    -31892.0865] [Branch lengths     ]
. (  148 sec) [    -31892.0848] [GTR parameters     ]
. (  148 sec) [    -31892.0848] [Branch lengths     ]
. (  153 sec) [    -31892.0843] [GTR parameters     ]
. (  154 sec) [    -31892.0843] [GTR parameters     ]

. Checking for NNIs, optimizing five branches...

. (  210 sec) [    -31891.3906] [Topology           ]
. (  210 sec) [    -31891.3906] [Branch lengths     ]
. (  218 sec) [    -31891.3641] [GTR parameters     ]
. (  219 sec) [    -31891.3641] [Branch lengths     ]
. (  222 sec) [    -31891.3638] [GTR parameters     ]
. (  223 sec) [    -31891.3638] [GTR parameters     ]

. Checking for NNIs, optimizing five branches...



. Log likelihood of the current tree: -31891.363771.

. Launch bootstrap analysis on the most likely tree...


. Non parametric bootstrap analysis 

  [....................]   20/1000
  [....................]   40/1000
  [....................]   60/1000
  [....................]   80/1000
  [....................]  100/1000
  [....................]  120/1000
  [....................]  140/1000
  [....................]  160/1000
  [....................]  180/1000
  [....................]  200/1000
  [....................]  220/1000
  [....................]  240/1000
  [....................]  260/1000
  [....................]  280/1000
  [....................]  300/1000
  [....................]  320/1000
  [....................]  340/1000
  [....................]  360/1000
  [....................]  380/1000
  [....................]  400/1000
  [....................]  420/1000
  [....................]  440/1000
  [............Epilogue Args:
Job ID: 329264.breezy-admin
User ID: seanla
Group ID: seanla
Job Name: phyml
Session ID: 30507
Resource List: epilogue=/home/seanla/Jobs/epilogue.script,mem=128gb,neednodes=1:ppn=1,nodes=1:ppn=1,walltime=72:00:00
Resources Used: cput=24:21:00,mem=47792kb,vmem=122652kb,walltime=24:26:08
Queue Name: mainq
Account String: 

